<?xml version="1.0" encoding="UTF-8"?>
<!-- Generated by org.testng.reporters.JUnitReportReporter -->
<testsuite hostname="DESKTOP-48PSKCA" failures="0" tests="18" name="GitHubRepos.Repositories" time="16.836" errors="0" timestamp="2023-07-03T17:19:51 IST" skipped="0">
  <testcase classname="GitHubRepos.Repositories" name="Create_Repo" time="5.117"/>
  <system-out/>
  <testcase classname="GitHubRepos.Repositories" name="List_Fork" time="0.648"/>
  <system-out/>
  <testcase classname="GitHubRepos.Repositories" name="Get_Repo" time="0.522"/>
  <system-out/>
  <testcase classname="GitHubRepos.Repositories" name="Update_Repo" time="0.744"/>
  <system-out/>
  <testcase classname="GitHubRepos.Repositories" name="Create_Fork" time="0.687"/>
  <system-out/>
  <testcase classname="GitHubRepos.Repositories" name="List_Repos" time="0.708"/>
  <system-out/>
  <testcase classname="GitHubRepos.Repositories" name="List_Repo_Languages" time="0.435"/>
  <system-out/>
  <testcase classname="GitHubRepos.Repositories" name="List_Public_Repos" time="1.157"/>
  <system-out/>
  <testcase classname="GitHubRepos.Repositories" name="Create_File" time="1.570"/>
  <system-out/>
  <testcase classname="GitHubRepos.Repositories" name="Update_File" time="0.615"/>
  <system-out/>
  <testcase classname="GitHubRepos.Repositories" name="Delete_File" time="0.490"/>
  <system-out/>
  <testcase classname="GitHubRepos.Repositories" name="List_Repo_Tags" time="0.469"/>
  <system-out/>
  <testcase classname="GitHubRepos.Repositories" name="Create_Autolink_Ref" time="0.595"/>
  <system-out/>
  <testcase classname="GitHubRepos.Repositories" name="Get_Repo_Topics" time="0.567"/>
  <system-out/>
  <testcase classname="GitHubRepos.Repositories" name="Get_Autolink_Ref" time="0.458"/>
  <system-out/>
  <testcase classname="GitHubRepos.Repositories" name="Delete_Autolink_Ref" time="0.513"/>
  <system-out/>
  <testcase classname="GitHubRepos.Repositories" name="Replace_Repo_Topics" time="0.820"/>
  <system-out/>
  <testcase classname="GitHubRepos.Repositories" name="Delete_Repo" time="0.721"/>
  <system-out/>
</testsuite> <!-- GitHubRepos.Repositories -->
